2017-04-29T01:15:30+00:00 0567cdba7fde#00 I: Runner: processes
2017-04-29T01:15:30+00:00 0567cdba7fde#00 I: Chooser: simple
2017-04-29T01:15:30+00:00 0567cdba7fde#00 I: Configuration suite_name = "FakeVM"
2017-04-29T01:15:30+00:00 0567cdba7fde#00 I: Configuration cache_filename = "/home/patrick/dev/src/github.com/Logiraptor/elang/_build/oUnit-$(suite_name).cache"
2017-04-29T01:15:30+00:00 0567cdba7fde#00 I: Configuration display = "true"
2017-04-29T01:15:30+00:00 0567cdba7fde#00 I: Configuration results_style_1_X = "false"
2017-04-29T01:15:30+00:00 0567cdba7fde#00 I: Configuration verbose = "false"
2017-04-29T01:15:30+00:00 0567cdba7fde#00 I: Configuration health_check_interval = "1."
2017-04-29T01:15:30+00:00 0567cdba7fde#00 I: Configuration testdata_dir = "none"
2017-04-29T01:15:30+00:00 0567cdba7fde#00 I: Configuration chooser = "simple"
2017-04-29T01:15:30+00:00 0567cdba7fde#00 I: Configuration output_html_dir = "none"
2017-04-29T01:15:30+00:00 0567cdba7fde#00 I: Configuration processes_kill_period = "5."
2017-04-29T01:15:30+00:00 0567cdba7fde#00 I: Configuration runner = "processes"
2017-04-29T01:15:30+00:00 0567cdba7fde#00 I: Configuration shards = "4"
2017-04-29T01:15:30+00:00 0567cdba7fde#00 I: Configuration processes_grace_period = "5."
2017-04-29T01:15:30+00:00 0567cdba7fde#00 I: Configuration log_encoding = "utf-8"
2017-04-29T01:15:30+00:00 0567cdba7fde#00 I: Configuration output_junit_file = "none"
2017-04-29T01:15:30+00:00 0567cdba7fde#00 I: Configuration output_file = "/home/patrick/dev/src/github.com/Logiraptor/elang/_build/oUnit-$(suite_name)-$(shard_id).log"
2017-04-29T01:15:30+00:00 0567cdba7fde#00 I: Using 4 workers maximum.
2017-04-29T01:15:30+00:00 0567cdba7fde#00 I: Starting worker number 0567cdba7fde#01.
2017-04-29T01:15:30+00:00 0567cdba7fde#00 I: Worker 0567cdba7fde#01 started.
2017-04-29T01:15:30+00:00 0567cdba7fde#00 I: Still 1 tests running : FakeVM:0:can push and pop values from the stack.
2017-04-29T01:15:30+00:00 0567cdba7fde#00 I: 1 tests running: FakeVM:0:can push and pop values from the stack.
2017-04-29T01:15:30+00:00 0567cdba7fde#01 I: Start test FakeVM:0:can push and pop values from the stack.
2017-04-29T01:15:30+00:00 0567cdba7fde#00 I: Still 1 tests running : FakeVM:0:can push and pop values from the stack.
2017-04-29T01:15:30+00:00 0567cdba7fde#00 I: 1 tests running: FakeVM:0:can push and pop values from the stack.
2017-04-29T01:15:30+00:00 0567cdba7fde#01 E: Test FakeVM:0:can push and pop values from the stack has failed.
2017-04-29T01:15:30+00:00 0567cdba7fde#01 E: not equal in test FakeVM:0:can push and pop values from the stack.
2017-04-29T01:15:30+00:00 0567cdba7fde#01 E: Raised at file "src/oUnitAssert.ml", line 45, characters 8-27
2017-04-29T01:15:30+00:00 0567cdba7fde#01 E: Called from file "src/oUnitRunner.ml", line 46, characters 13-26
2017-04-29T01:15:30+00:00 0567cdba7fde#01 E: 
2017-04-29T01:15:30+00:00 0567cdba7fde#00 I: Still 1 tests running : FakeVM:0:can push and pop values from the stack.
2017-04-29T01:15:30+00:00 0567cdba7fde#00 I: 1 tests running: FakeVM:0:can push and pop values from the stack.
2017-04-29T01:15:30+00:00 0567cdba7fde#01 I: End test FakeVM:0:can push and pop values from the stack.
2017-04-29T01:15:30+00:00 0567cdba7fde#00 I: Still 1 tests running : FakeVM:0:can push and pop values from the stack.
2017-04-29T01:15:30+00:00 0567cdba7fde#00 I: 1 tests running: FakeVM:0:can push and pop values from the stack.
2017-04-29T01:15:30+00:00 0567cdba7fde#00 I: 0 tests running: .
2017-04-29T01:15:30+00:00 0567cdba7fde#00 I: Worker 0567cdba7fde#01 has ended.
2017-04-29T01:15:30+00:00 0567cdba7fde#00 I: Used 1 worker during test execution.
2017-04-29T01:15:30+00:00 0567cdba7fde#00 I: Run 1 tests with shard 0567cdba7fde#01.
2017-04-29T01:15:30+00:00 0567cdba7fde#00 I: ==============
2017-04-29T01:15:30+00:00 0567cdba7fde#00 I: Summary:
2017-04-29T01:15:30+00:00 0567cdba7fde#00 E: Test FakeVM:0:can push and pop values from the stack has failed.
2017-04-29T01:15:30+00:00 0567cdba7fde#00 E: not equal in test FakeVM:0:can push and pop values from the stack.
2017-04-29T01:15:30+00:00 0567cdba7fde#00 E: Raised at file "src/oUnitAssert.ml", line 45, characters 8-27
2017-04-29T01:15:30+00:00 0567cdba7fde#00 E: Called from file "src/oUnitRunner.ml", line 46, characters 13-26
2017-04-29T01:15:30+00:00 0567cdba7fde#00 E: 
2017-04-29T01:15:30+00:00 0567cdba7fde#00 I: Ran: 1 tests in: 0.10 seconds.
2017-04-29T01:15:30+00:00 0567cdba7fde#00 I: Cases: 1.
2017-04-29T01:15:30+00:00 0567cdba7fde#00 I: Tried: 1.
2017-04-29T01:15:30+00:00 0567cdba7fde#00 I: Errors: 0.
2017-04-29T01:15:30+00:00 0567cdba7fde#00 I: Failures: 1.
2017-04-29T01:15:30+00:00 0567cdba7fde#00 I: Skip: 0.
2017-04-29T01:15:30+00:00 0567cdba7fde#00 I: Todo: 0.
2017-04-29T01:15:30+00:00 0567cdba7fde#00 I: Timeout: 0.
